1631282019593	geckodriver	INFO	Listening on 127.0.0.1:47199
1631282019595	mozrunner::runner	INFO	Running command: "/usr/bin/firefox" "--marionette" "-foreground" "-no-remote" "-profile" "/tmp/rust_mozprofilexlbwdz"
1631282020174	Marionette	INFO	Marionette enabled
console.warn: SearchSettings: "get: No settings file exists, new profile?" (new NotFoundError("Could not open the file at /tmp/rust_mozprofilexlbwdz/search.json.mozlz4", (void 0)))
1631282021726	Marionette	INFO	Listening on port 43197
1631282021813	RemoteAgent	WARN	TLS certificate errors will be ignored for this session
JavaScript error: resource:///actors/FormValidationChild.jsm, line 177: TypeError: this._element is null
JavaScript error: resource://gre/actors/AutoCompleteChild.jsm, line 125: Error: Invalid autocomplete selectedIndex
1631282025209	Marionette	INFO	Stopped listening on port 43197
JavaScript error: resource:///modules/Interactions.jsm, line 230: NS_ERROR_FAILURE: Component returned failure code: 0x80004005 (NS_ERROR_FAILURE) [nsIUserIdleService.removeIdleObserver]

###!!! [Parent][RunMessage] Error: Channel closing: too late to send/recv, messages will be lost

1631282334473	geckodriver	INFO	Listening on 127.0.0.1:46839
1631282334475	mozrunner::runner	INFO	Running command: "/usr/bin/firefox" "--marionette" "-foreground" "-no-remote" "-profile" "/tmp/rust_mozprofileMZVQuu"
1631282335051	Marionette	INFO	Marionette enabled
console.warn: SearchSettings: "get: No settings file exists, new profile?" (new NotFoundError("Could not open the file at /tmp/rust_mozprofileMZVQuu/search.json.mozlz4", (void 0)))
1631282336256	Marionette	INFO	Listening on port 41539
1631282336294	RemoteAgent	WARN	TLS certificate errors will be ignored for this session
JavaScript warning: https://www.googletagmanager.com/gtm.js?id=GTM-TG2B86W, line 257: unreachable code after return statement
JavaScript error: https://www.gomo.ph/sign-in.html line 305 > injectedScript, line 1: ReferenceError: gtag is not defined
JavaScript warning: https://www.googletagmanager.com/gtm.js?id=GTM-NND69PG&l=dataLayer, line 215: unreachable code after return statement
JavaScript warning: https://www.googletagmanager.com/gtm.js?id=GTM-NND69PG&l=dataLayer, line 215: unreachable code after return statement
JavaScript warning: https://www.googletagmanager.com/gtm.js?id=GTM-TG2B86W, line 257: unreachable code after return statement
1631282355864	Marionette	INFO	Stopped listening on port 41539
JavaScript error: resource:///modules/Interactions.jsm, line 230: NS_ERROR_FAILURE: Component returned failure code: 0x80004005 (NS_ERROR_FAILURE) [nsIUserIdleService.removeIdleObserver]
[Parent 29734, IPC I/O Parent] WARNING: FileDescriptorSet destroyed with unconsumed descriptors: file /build/firefox-i2FYvX/firefox-92.0+build3/ipc/chromium/src/chrome/common/file_descriptor_set_posix.cc:19

###!!! [Parent][RunMessage] Error: Channel closing: too late to send/recv, messages will be lost

1631282421772	geckodriver	INFO	Listening on 127.0.0.1:38297
1631282421774	mozrunner::runner	INFO	Running command: "/usr/bin/firefox" "--marionette" "-foreground" "-no-remote" "-profile" "/tmp/rust_mozprofileMryoz6"
1631282422380	Marionette	INFO	Marionette enabled
console.warn: SearchSettings: "get: No settings file exists, new profile?" (new NotFoundError("Could not open the file at /tmp/rust_mozprofileMryoz6/search.json.mozlz4", (void 0)))
1631282423511	Marionette	INFO	Listening on port 46033
1631282423593	RemoteAgent	WARN	TLS certificate errors will be ignored for this session
JavaScript warning: https://www.googletagmanager.com/gtm.js?id=GTM-TG2B86W, line 253: unreachable code after return statement
JavaScript error: https://www.gomo.ph/sign-in.html line 301 > injectedScript, line 1: ReferenceError: gtag is not defined
JavaScript warning: https://www.googletagmanager.com/gtm.js?id=GTM-NND69PG&l=dataLayer, line 215: unreachable code after return statement
JavaScript warning: https://www.googletagmanager.com/gtm.js?id=GTM-NND69PG&l=dataLayer, line 215: unreachable code after return statement
JavaScript warning: https://www.googletagmanager.com/gtm.js?id=GTM-TG2B86W, line 253: unreachable code after return statement
1631282431459	Marionette	INFO	Stopped listening on port 46033
JavaScript error: resource:///modules/Interactions.jsm, line 230: NS_ERROR_FAILURE: Component returned failure code: 0x80004005 (NS_ERROR_FAILURE) [nsIUserIdleService.removeIdleObserver]
1631282644071	geckodriver	INFO	Listening on 127.0.0.1:53117
1631282644073	mozrunner::runner	INFO	Running command: "/usr/bin/firefox" "--marionette" "-foreground" "-no-remote" "-profile" "/tmp/rust_mozprofileaNHysQ"
1631282644667	Marionette	INFO	Marionette enabled
console.warn: SearchSettings: "get: No settings file exists, new profile?" (new NotFoundError("Could not open the file at /tmp/rust_mozprofileaNHysQ/search.json.mozlz4", (void 0)))
1631282645820	Marionette	INFO	Listening on port 35413
1631282645897	RemoteAgent	WARN	TLS certificate errors will be ignored for this session
JavaScript warning: https://www.googletagmanager.com/gtm.js?id=GTM-TG2B86W, line 253: unreachable code after return statement
JavaScript error: https://www.gomo.ph/sign-in.html line 301 > injectedScript, line 1: ReferenceError: gtag is not defined
JavaScript warning: https://www.googletagmanager.com/gtm.js?id=GTM-NND69PG&l=dataLayer, line 215: unreachable code after return statement
JavaScript warning: https://www.googletagmanager.com/gtm.js?id=GTM-NND69PG&l=dataLayer, line 215: unreachable code after return statement
JavaScript warning: https://www.googletagmanager.com/gtm.js?id=GTM-TG2B86W, line 253: unreachable code after return statement
1631282653276	Marionette	INFO	Stopped listening on port 35413
JavaScript error: resource:///modules/Interactions.jsm, line 230: NS_ERROR_FAILURE: Component returned failure code: 0x80004005 (NS_ERROR_FAILURE) [nsIUserIdleService.removeIdleObserver]

###!!! [Parent][RunMessage] Error: Channel closing: too late to send/recv, messages will be lost

1631282658512	geckodriver	INFO	Listening on 127.0.0.1:59613
1631282658514	mozrunner::runner	INFO	Running command: "/usr/bin/firefox" "--marionette" "-foreground" "-no-remote" "-profile" "/tmp/rust_mozprofilesriT1G"
1631282659108	Marionette	INFO	Marionette enabled
console.warn: SearchSettings: "get: No settings file exists, new profile?" (new NotFoundError("Could not open the file at /tmp/rust_mozprofilesriT1G/search.json.mozlz4", (void 0)))
1631282660311	Marionette	INFO	Listening on port 39159
1631282660339	RemoteAgent	WARN	TLS certificate errors will be ignored for this session
JavaScript warning: https://www.googletagmanager.com/gtm.js?id=GTM-TG2B86W, line 254: unreachable code after return statement
JavaScript error: https://www.gomo.ph/sign-in.html line 302 > injectedScript, line 1: ReferenceError: gtag is not defined
JavaScript warning: https://www.googletagmanager.com/gtm.js?id=GTM-NND69PG&l=dataLayer, line 215: unreachable code after return statement
JavaScript warning: https://www.googletagmanager.com/gtm.js?id=GTM-NND69PG&l=dataLayer, line 215: unreachable code after return statement
JavaScript warning: https://www.googletagmanager.com/gtm.js?id=GTM-TG2B86W, line 254: unreachable code after return statement
1631282687121	Marionette	INFO	Stopped listening on port 39159
JavaScript error: resource:///modules/Interactions.jsm, line 230: NS_ERROR_FAILURE: Component returned failure code: 0x80004005 (NS_ERROR_FAILURE) [nsIUserIdleService.removeIdleObserver]
[Parent 30572, IPC I/O Parent] WARNING: FileDescriptorSet destroyed with unconsumed descriptors: file /build/firefox-i2FYvX/firefox-92.0+build3/ipc/chromium/src/chrome/common/file_descriptor_set_posix.cc:19

###!!! [Parent][RunMessage] Error: Channel closing: too late to send/recv, messages will be lost

1631282694554	geckodriver	INFO	Listening on 127.0.0.1:60849
1631282694557	mozrunner::runner	INFO	Running command: "/usr/bin/firefox" "--marionette" "-foreground" "-no-remote" "-profile" "/tmp/rust_mozprofileMVdqfN"
1631282695143	Marionette	INFO	Marionette enabled
console.warn: SearchSettings: "get: No settings file exists, new profile?" (new NotFoundError("Could not open the file at /tmp/rust_mozprofileMVdqfN/search.json.mozlz4", (void 0)))
1631282696349	Marionette	INFO	Listening on port 42431
1631282696378	RemoteAgent	WARN	TLS certificate errors will be ignored for this session
JavaScript warning: https://www.googletagmanager.com/gtm.js?id=GTM-TG2B86W, line 253: unreachable code after return statement
JavaScript error: https://www.gomo.ph/sign-in.html line 301 > injectedScript, line 1: ReferenceError: gtag is not defined
JavaScript warning: https://www.googletagmanager.com/gtm.js?id=GTM-NND69PG&l=dataLayer, line 215: unreachable code after return statement
JavaScript warning: https://www.googletagmanager.com/gtm.js?id=GTM-NND69PG&l=dataLayer, line 215: unreachable code after return statement
JavaScript warning: https://www.googletagmanager.com/gtm.js?id=GTM-TG2B86W, line 253: unreachable code after return statement
1631282709681	Marionette	INFO	Stopped listening on port 42431
JavaScript error: resource:///modules/Interactions.jsm, line 230: NS_ERROR_FAILURE: Component returned failure code: 0x80004005 (NS_ERROR_FAILURE) [nsIUserIdleService.removeIdleObserver]

###!!! [Parent][RunMessage] Error: Channel closing: too late to send/recv, messages will be lost

1631282716211	geckodriver	INFO	Listening on 127.0.0.1:54803
1631282716214	mozrunner::runner	INFO	Running command: "/usr/bin/firefox" "--marionette" "-foreground" "-no-remote" "-profile" "/tmp/rust_mozprofile962yyH"
1631282716802	Marionette	INFO	Marionette enabled
console.warn: SearchSettings: "get: No settings file exists, new profile?" (new NotFoundError("Could not open the file at /tmp/rust_mozprofile962yyH/search.json.mozlz4", (void 0)))
1631282718002	Marionette	INFO	Listening on port 35153
1631282718032	RemoteAgent	WARN	TLS certificate errors will be ignored for this session
JavaScript warning: https://www.googletagmanager.com/gtm.js?id=GTM-TG2B86W, line 253: unreachable code after return statement
JavaScript error: https://www.gomo.ph/sign-in.html line 301 > injectedScript, line 1: ReferenceError: gtag is not defined
JavaScript warning: https://www.googletagmanager.com/gtm.js?id=GTM-NND69PG&l=dataLayer, line 215: unreachable code after return statement
JavaScript warning: https://www.googletagmanager.com/gtm.js?id=GTM-NND69PG&l=dataLayer, line 215: unreachable code after return statement
JavaScript warning: https://www.googletagmanager.com/gtm.js?id=GTM-TG2B86W, line 253: unreachable code after return statement
console.warn: LoginRecipes: "getRecipes: falling back to a synchronous message for:" "https://www.gomo.ph"
1631282857555	geckodriver	INFO	Listening on 127.0.0.1:59967
1631282857557	mozrunner::runner	INFO	Running command: "/usr/bin/firefox" "--marionette" "-foreground" "-no-remote" "-profile" "/tmp/rust_mozprofileRfbbtJ"
1631282858145	Marionette	INFO	Marionette enabled
console.warn: SearchSettings: "get: No settings file exists, new profile?" (new NotFoundError("Could not open the file at /tmp/rust_mozprofileRfbbtJ/search.json.mozlz4", (void 0)))
1631282859757	Marionette	INFO	Listening on port 45983
1631282859780	RemoteAgent	WARN	TLS certificate errors will be ignored for this session
JavaScript warning: https://www.googletagmanager.com/gtm.js?id=GTM-TG2B86W, line 253: unreachable code after return statement
JavaScript error: https://www.gomo.ph/sign-in.html line 301 > injectedScript, line 1: ReferenceError: gtag is not defined
JavaScript warning: https://www.googletagmanager.com/gtm.js?id=GTM-NND69PG&l=dataLayer, line 215: unreachable code after return statement
JavaScript warning: https://www.googletagmanager.com/gtm.js?id=GTM-NND69PG&l=dataLayer, line 215: unreachable code after return statement
JavaScript warning: https://www.googletagmanager.com/gtm.js?id=GTM-TG2B86W, line 253: unreachable code after return statement
console.warn: LoginRecipes: "getRecipes: falling back to a synchronous message for:" "https://www.gomo.ph"
1631283095598	geckodriver	INFO	Listening on 127.0.0.1:53471
1631283095601	mozrunner::runner	INFO	Running command: "/usr/bin/firefox" "--marionette" "-foreground" "-no-remote" "-profile" "/tmp/rust_mozprofilef9j7q7"
1631283096192	Marionette	INFO	Marionette enabled
console.warn: SearchSettings: "get: No settings file exists, new profile?" (new NotFoundError("Could not open the file at /tmp/rust_mozprofilef9j7q7/search.json.mozlz4", (void 0)))
1631283097815	Marionette	INFO	Listening on port 43985
1631283097918	RemoteAgent	WARN	TLS certificate errors will be ignored for this session
JavaScript warning: https://www.googletagmanager.com/gtm.js?id=GTM-TG2B86W, line 257: unreachable code after return statement
JavaScript error: https://www.gomo.ph/sign-in.html line 305 > injectedScript, line 1: ReferenceError: gtag is not defined
JavaScript warning: https://www.googletagmanager.com/gtm.js?id=GTM-TG2B86W, line 257: unreachable code after return statement
JavaScript warning: https://www.googletagmanager.com/gtm.js?id=GTM-NND69PG&l=dataLayer, line 215: unreachable code after return statement
JavaScript warning: https://www.googletagmanager.com/gtm.js?id=GTM-NND69PG&l=dataLayer, line 215: unreachable code after return statement
JavaScript error: https://www.gomo.ph/content/dam/globe/gomo/clientlibs/footlibs-20210811.js, line 60: TypeError: e.response is undefined
JavaScript error: https://www.gomo.ph/content/dam/globe/gomo/clientlibs/footlibs-20210811.js, line 60: TypeError: e.response is undefined
JavaScript error: https://www.gomo.ph/content/dam/globe/gomo/clientlibs/footlibs-20210811.js, line 60: TypeError: e.response is undefined
JavaScript warning: https://www.googletagmanager.com/gtm.js?id=GTM-TG2B86W, line 257: unreachable code after return statement
JavaScript warning: https://www.googletagmanager.com/gtm.js?id=GTM-NND69PG&l=dataLayer, line 215: unreachable code after return statement
JavaScript warning: https://www.googletagmanager.com/gtm.js?id=GTM-NND69PG&l=dataLayer, line 215: unreachable code after return statement
JavaScript warning: https://www.googletagmanager.com/gtm.js?id=GTM-TG2B86W, line 257: unreachable code after return statement
console.log: WebExtensions: reset-default-search: starting.
console.log: WebExtensions: reset-default-search: No addons in our list are installed.
console.log: WebExtensions: reset-default-search: starting.
console.log: WebExtensions: reset-default-search: No addons in our list are installed.
1631283349046	Marionette	INFO	Stopped listening on port 43985
JavaScript error: resource:///modules/Interactions.jsm, line 230: NS_ERROR_FAILURE: Component returned failure code: 0x80004005 (NS_ERROR_FAILURE) [nsIUserIdleService.removeIdleObserver]

###!!! [Parent][RunMessage] Error: Channel closing: too late to send/recv, messages will be lost

1631283434400	geckodriver	INFO	Listening on 127.0.0.1:38517
1631283434403	mozrunner::runner	INFO	Running command: "/usr/bin/firefox" "--marionette" "-foreground" "-no-remote" "-profile" "/tmp/rust_mozprofileN4Nk5w"
1631283435010	Marionette	INFO	Marionette enabled
console.warn: SearchSettings: "get: No settings file exists, new profile?" (new NotFoundError("Could not open the file at /tmp/rust_mozprofileN4Nk5w/search.json.mozlz4", (void 0)))
1631283436206	Marionette	INFO	Listening on port 44709
1631283436228	RemoteAgent	WARN	TLS certificate errors will be ignored for this session
JavaScript warning: https://www.googletagmanager.com/gtm.js?id=GTM-TG2B86W, line 253: unreachable code after return statement
JavaScript error: https://www.gomo.ph/sign-in.html line 301 > injectedScript, line 1: ReferenceError: gtag is not defined
JavaScript warning: https://www.googletagmanager.com/gtm.js?id=GTM-NND69PG&l=dataLayer, line 215: unreachable code after return statement
JavaScript warning: https://www.googletagmanager.com/gtm.js?id=GTM-NND69PG&l=dataLayer, line 215: unreachable code after return statement
JavaScript warning: https://www.googletagmanager.com/gtm.js?id=GTM-TG2B86W, line 253: unreachable code after return statement
JavaScript error: https://www.gomo.ph/content/dam/globe/gomo/clientlibs/footlibs-20210811.js, line 60: TypeError: e.response is undefined
JavaScript error: https://www.gomo.ph/content/dam/globe/gomo/clientlibs/footlibs-20210811.js, line 60: TypeError: e.response is undefined
JavaScript error: https://www.gomo.ph/content/dam/globe/gomo/clientlibs/footlibs-20210811.js, line 60: TypeError: e.response is undefined
JavaScript warning: https://www.googletagmanager.com/gtm.js?id=GTM-TG2B86W, line 253: unreachable code after return statement
JavaScript warning: https://www.googletagmanager.com/gtm.js?id=GTM-NND69PG&l=dataLayer, line 215: unreachable code after return statement
JavaScript warning: https://www.googletagmanager.com/gtm.js?id=GTM-NND69PG&l=dataLayer, line 215: unreachable code after return statement
JavaScript warning: https://www.googletagmanager.com/gtm.js?id=GTM-TG2B86W, line 253: unreachable code after return statement
1631283609256	geckodriver	INFO	Listening on 127.0.0.1:39691
1631283609258	mozrunner::runner	INFO	Running command: "/usr/bin/firefox" "--marionette" "-foreground" "-no-remote" "-profile" "/tmp/rust_mozprofilefprokt"
1631283609859	Marionette	INFO	Marionette enabled
console.warn: SearchSettings: "get: No settings file exists, new profile?" (new NotFoundError("Could not open the file at /tmp/rust_mozprofilefprokt/search.json.mozlz4", (void 0)))
1631283611376	Marionette	INFO	Listening on port 40833
1631283611483	RemoteAgent	WARN	TLS certificate errors will be ignored for this session
JavaScript warning: https://www.googletagmanager.com/gtm.js?id=GTM-TG2B86W, line 253: unreachable code after return statement
JavaScript error: https://www.gomo.ph/sign-in.html line 301 > injectedScript, line 1: ReferenceError: gtag is not defined
JavaScript warning: https://www.googletagmanager.com/gtm.js?id=GTM-NND69PG&l=dataLayer, line 215: unreachable code after return statement
JavaScript warning: https://www.googletagmanager.com/gtm.js?id=GTM-NND69PG&l=dataLayer, line 215: unreachable code after return statement
JavaScript warning: https://www.googletagmanager.com/gtm.js?id=GTM-TG2B86W, line 253: unreachable code after return statement
JavaScript error: https://www.gomo.ph/content/dam/globe/gomo/clientlibs/footlibs-20210811.js, line 60: TypeError: e.response is undefined
JavaScript error: https://www.gomo.ph/content/dam/globe/gomo/clientlibs/footlibs-20210811.js, line 60: TypeError: e.response is undefined
JavaScript error: https://www.gomo.ph/content/dam/globe/gomo/clientlibs/footlibs-20210811.js, line 60: TypeError: e.response is undefined
JavaScript warning: https://www.googletagmanager.com/gtm.js?id=GTM-TG2B86W, line 253: unreachable code after return statement
JavaScript warning: https://www.googletagmanager.com/gtm.js?id=GTM-TG2B86W, line 253: unreachable code after return statement
JavaScript warning: https://www.googletagmanager.com/gtm.js?id=GTM-NND69PG&l=dataLayer, line 215: unreachable code after return statement
JavaScript warning: https://www.googletagmanager.com/gtm.js?id=GTM-NND69PG&l=dataLayer, line 215: unreachable code after return statement
1631283691637	geckodriver	INFO	Listening on 127.0.0.1:35177
1631283691640	mozrunner::runner	INFO	Running command: "/usr/bin/firefox" "--marionette" "-foreground" "-no-remote" "-profile" "/tmp/rust_mozprofilexDKxYI"
1631283692225	Marionette	INFO	Marionette enabled
console.warn: SearchSettings: "get: No settings file exists, new profile?" (new NotFoundError("Could not open the file at /tmp/rust_mozprofilexDKxYI/search.json.mozlz4", (void 0)))
1631283693726	Marionette	INFO	Listening on port 43431
1631283693758	RemoteAgent	WARN	TLS certificate errors will be ignored for this session
JavaScript warning: https://www.googletagmanager.com/gtm.js?id=GTM-TG2B86W, line 257: unreachable code after return statement
JavaScript error: https://www.gomo.ph/sign-in.html line 305 > injectedScript, line 1: ReferenceError: gtag is not defined
JavaScript warning: https://www.googletagmanager.com/gtm.js?id=GTM-TG2B86W, line 257: unreachable code after return statement
JavaScript warning: https://www.googletagmanager.com/gtm.js?id=GTM-NND69PG&l=dataLayer, line 215: unreachable code after return statement
JavaScript warning: https://www.googletagmanager.com/gtm.js?id=GTM-NND69PG&l=dataLayer, line 215: unreachable code after return statement
JavaScript error: https://www.gomo.ph/content/dam/globe/gomo/clientlibs/footlibs-20210811.js, line 60: TypeError: e.response is undefined
JavaScript error: https://www.gomo.ph/content/dam/globe/gomo/clientlibs/footlibs-20210811.js, line 60: TypeError: e.response is undefined
JavaScript error: https://www.gomo.ph/content/dam/globe/gomo/clientlibs/footlibs-20210811.js, line 60: TypeError: e.response is undefined
JavaScript warning: https://www.googletagmanager.com/gtm.js?id=GTM-TG2B86W, line 257: unreachable code after return statement
JavaScript warning: https://www.googletagmanager.com/gtm.js?id=GTM-NND69PG&l=dataLayer, line 215: unreachable code after return statement
JavaScript warning: https://www.googletagmanager.com/gtm.js?id=GTM-TG2B86W, line 257: unreachable code after return statement
JavaScript warning: https://www.googletagmanager.com/gtm.js?id=GTM-NND69PG&l=dataLayer, line 215: unreachable code after return statement
1631283705479	Marionette	INFO	Stopped listening on port 43431
JavaScript error: resource:///modules/Interactions.jsm, line 230: NS_ERROR_FAILURE: Component returned failure code: 0x80004005 (NS_ERROR_FAILURE) [nsIUserIdleService.removeIdleObserver]
[Parent 33888, IPC I/O Parent] WARNING: FileDescriptorSet destroyed with unconsumed descriptors: file /build/firefox-i2FYvX/firefox-92.0+build3/ipc/chromium/src/chrome/common/file_descriptor_set_posix.cc:19

###!!! [Parent][RunMessage] Error: Channel closing: too late to send/recv, messages will be lost

console.log: WebExtensions: reset-default-search: starting.
console.log: WebExtensions: reset-default-search: No addons in our list are installed.
console.log: WebExtensions: reset-default-search: starting.
console.log: WebExtensions: reset-default-search: No addons in our list are installed.
1631284130815	geckodriver	INFO	Listening on 127.0.0.1:40945
1631284130817	mozrunner::runner	INFO	Running command: "/usr/bin/firefox" "--marionette" "-foreground" "-no-remote" "-profile" "/tmp/rust_mozprofile1sh9Js"
1631284131403	Marionette	INFO	Marionette enabled
console.warn: SearchSettings: "get: No settings file exists, new profile?" (new NotFoundError("Could not open the file at /tmp/rust_mozprofile1sh9Js/search.json.mozlz4", (void 0)))
1631284132529	Marionette	INFO	Listening on port 35491
1631284132634	RemoteAgent	WARN	TLS certificate errors will be ignored for this session
JavaScript warning: https://www.googletagmanager.com/gtm.js?id=GTM-TG2B86W, line 253: unreachable code after return statement
JavaScript error: https://www.gomo.ph/sign-in.html line 301 > injectedScript, line 1: ReferenceError: gtag is not defined
JavaScript warning: https://www.googletagmanager.com/gtm.js?id=GTM-TG2B86W, line 253: unreachable code after return statement
JavaScript warning: https://www.googletagmanager.com/gtm.js?id=GTM-NND69PG&l=dataLayer, line 215: unreachable code after return statement
JavaScript warning: https://www.googletagmanager.com/gtm.js?id=GTM-NND69PG&l=dataLayer, line 215: unreachable code after return statement
1631284153486	Marionette	INFO	Stopped listening on port 35491
JavaScript error: resource:///modules/Interactions.jsm, line 230: NS_ERROR_FAILURE: Component returned failure code: 0x80004005 (NS_ERROR_FAILURE) [nsIUserIdleService.removeIdleObserver]
[Parent 34807, IPC I/O Parent] WARNING: FileDescriptorSet destroyed with unconsumed descriptors: file /build/firefox-i2FYvX/firefox-92.0+build3/ipc/chromium/src/chrome/common/file_descriptor_set_posix.cc:19

###!!! [Parent][RunMessage] Error: Channel closing: too late to send/recv, messages will be lost

1631284165944	geckodriver	INFO	Listening on 127.0.0.1:33721
1631284165947	mozrunner::runner	INFO	Running command: "/usr/bin/firefox" "--marionette" "-foreground" "-no-remote" "-profile" "/tmp/rust_mozprofileBeViFP"
1631284166534	Marionette	INFO	Marionette enabled
console.warn: SearchSettings: "get: No settings file exists, new profile?" (new NotFoundError("Could not open the file at /tmp/rust_mozprofileBeViFP/search.json.mozlz4", (void 0)))
1631284167729	Marionette	INFO	Listening on port 46647
1631284167769	RemoteAgent	WARN	TLS certificate errors will be ignored for this session
JavaScript warning: https://www.googletagmanager.com/gtm.js?id=GTM-TG2B86W, line 253: unreachable code after return statement
JavaScript error: https://www.gomo.ph/sign-in.html line 301 > injectedScript, line 1: ReferenceError: gtag is not defined
JavaScript warning: https://www.googletagmanager.com/gtm.js?id=GTM-NND69PG&l=dataLayer, line 215: unreachable code after return statement
JavaScript warning: https://www.googletagmanager.com/gtm.js?id=GTM-NND69PG&l=dataLayer, line 215: unreachable code after return statement
JavaScript warning: https://www.googletagmanager.com/gtm.js?id=GTM-TG2B86W, line 253: unreachable code after return statement
JavaScript error: https://www.gomo.ph/content/dam/globe/gomo/clientlibs/footlibs-20210811.js, line 60: TypeError: e.response is undefined
JavaScript error: https://www.gomo.ph/content/dam/globe/gomo/clientlibs/footlibs-20210811.js, line 60: TypeError: e.response is undefined
JavaScript error: https://www.gomo.ph/content/dam/globe/gomo/clientlibs/footlibs-20210811.js, line 60: TypeError: e.response is undefined
JavaScript warning: https://www.googletagmanager.com/gtm.js?id=GTM-TG2B86W, line 253: unreachable code after return statement
JavaScript warning: https://www.googletagmanager.com/gtm.js?id=GTM-TG2B86W, line 253: unreachable code after return statement
JavaScript warning: https://www.googletagmanager.com/gtm.js?id=GTM-NND69PG&l=dataLayer, line 215: unreachable code after return statement
JavaScript warning: https://www.googletagmanager.com/gtm.js?id=GTM-NND69PG&l=dataLayer, line 215: unreachable code after return statement
console.log: WebExtensions: reset-default-search: starting.
console.log: WebExtensions: reset-default-search: No addons in our list are installed.
1631285544759	Marionette	INFO	Stopped listening on port 46647
JavaScript error: resource:///modules/Interactions.jsm, line 230: NS_ERROR_FAILURE: Component returned failure code: 0x80004005 (NS_ERROR_FAILURE) [nsIUserIdleService.removeIdleObserver]
1631285621499	geckodriver	INFO	Listening on 127.0.0.1:43227
1631285621502	mozrunner::runner	INFO	Running command: "/usr/bin/firefox" "--marionette" "-foreground" "-no-remote" "-profile" "/tmp/rust_mozprofile09tktZ"
1631285622186	Marionette	INFO	Marionette enabled
console.warn: SearchSettings: "get: No settings file exists, new profile?" (new NotFoundError("Could not open the file at /tmp/rust_mozprofile09tktZ/search.json.mozlz4", (void 0)))
1631285623446	Marionette	INFO	Listening on port 35459
1631285623520	RemoteAgent	WARN	TLS certificate errors will be ignored for this session
JavaScript warning: https://www.googletagmanager.com/gtm.js?id=GTM-TG2B86W, line 253: unreachable code after return statement
JavaScript error: https://www.gomo.ph/sign-in.html line 301 > injectedScript, line 1: ReferenceError: gtag is not defined
JavaScript warning: https://www.googletagmanager.com/gtm.js?id=GTM-TG2B86W, line 253: unreachable code after return statement
JavaScript warning: https://www.googletagmanager.com/gtm.js?id=GTM-NND69PG&l=dataLayer, line 215: unreachable code after return statement
JavaScript warning: https://www.googletagmanager.com/gtm.js?id=GTM-NND69PG&l=dataLayer, line 215: unreachable code after return statement
JavaScript error: https://www.gomo.ph/content/dam/globe/gomo/clientlibs/footlibs-20210811.js, line 60: TypeError: e.response is undefined
JavaScript error: https://www.gomo.ph/content/dam/globe/gomo/clientlibs/footlibs-20210811.js, line 60: TypeError: e.response is undefined
JavaScript error: https://www.gomo.ph/content/dam/globe/gomo/clientlibs/footlibs-20210811.js, line 60: TypeError: e.response is undefined
JavaScript warning: https://www.googletagmanager.com/gtm.js?id=GTM-TG2B86W, line 253: unreachable code after return statement
JavaScript warning: https://www.googletagmanager.com/gtm.js?id=GTM-TG2B86W, line 253: unreachable code after return statement
JavaScript warning: https://www.googletagmanager.com/gtm.js?id=GTM-NND69PG&l=dataLayer, line 215: unreachable code after return statement
JavaScript warning: https://www.googletagmanager.com/gtm.js?id=GTM-NND69PG&l=dataLayer, line 215: unreachable code after return statement
1631285635840	Marionette	INFO	Stopped listening on port 35459
JavaScript error: resource:///modules/Interactions.jsm, line 230: NS_ERROR_FAILURE: Component returned failure code: 0x80004005 (NS_ERROR_FAILURE) [nsIUserIdleService.removeIdleObserver]

###!!! [Parent][RunMessage] Error: Channel closing: too late to send/recv, messages will be lost

1631285656774	geckodriver	INFO	Listening on 127.0.0.1:46005
1631285657785	mozrunner::runner	INFO	Running command: "/usr/bin/firefox" "--marionette" "-foreground" "-no-remote" "-profile" "/tmp/rust_mozprofile7FsjIU"
1631285658380	Marionette	INFO	Marionette enabled
Exiting due to channel error.
1631285659908	geckodriver	INFO	Listening on 127.0.0.1:57827
1631285659910	mozrunner::runner	INFO	Running command: "/usr/bin/firefox" "--marionette" "-foreground" "-no-remote" "-profile" "/tmp/rust_mozprofileQIIC2X"
1631285660495	Marionette	INFO	Marionette enabled
console.warn: SearchSettings: "get: No settings file exists, new profile?" (new NotFoundError("Could not open the file at /tmp/rust_mozprofileQIIC2X/search.json.mozlz4", (void 0)))
1631285661702	Marionette	INFO	Listening on port 44261
1631285661730	RemoteAgent	WARN	TLS certificate errors will be ignored for this session
JavaScript warning: https://www.googletagmanager.com/gtm.js?id=GTM-TG2B86W, line 253: unreachable code after return statement
JavaScript error: https://www.gomo.ph/sign-in.html line 301 > injectedScript, line 1: ReferenceError: gtag is not defined
JavaScript warning: https://www.googletagmanager.com/gtm.js?id=GTM-NND69PG&l=dataLayer, line 215: unreachable code after return statement
JavaScript warning: https://www.googletagmanager.com/gtm.js?id=GTM-NND69PG&l=dataLayer, line 215: unreachable code after return statement
JavaScript warning: https://www.googletagmanager.com/gtm.js?id=GTM-TG2B86W, line 253: unreachable code after return statement
JavaScript error: https://www.gomo.ph/content/dam/globe/gomo/clientlibs/footlibs-20210811.js, line 60: TypeError: e.response is undefined
JavaScript error: https://www.gomo.ph/content/dam/globe/gomo/clientlibs/footlibs-20210811.js, line 60: TypeError: e.response is undefined
JavaScript error: https://www.gomo.ph/content/dam/globe/gomo/clientlibs/footlibs-20210811.js, line 60: TypeError: e.response is undefined
JavaScript warning: https://www.googletagmanager.com/gtm.js?id=GTM-TG2B86W, line 253: unreachable code after return statement
JavaScript warning: https://www.googletagmanager.com/gtm.js?id=GTM-TG2B86W, line 253: unreachable code after return statement
JavaScript warning: https://www.googletagmanager.com/gtm.js?id=GTM-NND69PG&l=dataLayer, line 215: unreachable code after return statement
JavaScript warning: https://www.googletagmanager.com/gtm.js?id=GTM-NND69PG&l=dataLayer, line 215: unreachable code after return statement
1631285671076	Marionette	INFO	Stopped listening on port 44261
JavaScript error: resource:///modules/Interactions.jsm, line 230: NS_ERROR_FAILURE: Component returned failure code: 0x80004005 (NS_ERROR_FAILURE) [nsIUserIdleService.removeIdleObserver]

###!!! [Parent][RunMessage] Error: Channel closing: too late to send/recv, messages will be lost

1631285782137	geckodriver	INFO	Listening on 127.0.0.1:34691
1631285782140	mozrunner::runner	INFO	Running command: "/usr/bin/firefox" "--marionette" "--headless" "-foreground" "-no-remote" "-profile" "/tmp/rust_mozprofileE0XVCo"
*** You are running in headless mode.
1631285782406	Marionette	INFO	Marionette enabled
[GFX1-]: RenderCompositorSWGL failed mapping default framebuffer, no dt
console.warn: SearchSettings: "get: No settings file exists, new profile?" (new NotFoundError("Could not open the file at /tmp/rust_mozprofileE0XVCo/search.json.mozlz4", (void 0)))
1631285783355	Marionette	INFO	Listening on port 40949
1631285783485	RemoteAgent	WARN	TLS certificate errors will be ignored for this session
1631285783497	geckodriver	INFO	Listening on 127.0.0.1:49219
1631285784506	mozrunner::runner	INFO	Running command: "/usr/bin/firefox" "--marionette" "-foreground" "-no-remote" "-profile" "/tmp/rust_mozprofile6ED1hU"
1631285785135	Marionette	INFO	Marionette enabled
console.warn: SearchSettings: "get: No settings file exists, new profile?" (new NotFoundError("Could not open the file at /tmp/rust_mozprofile6ED1hU/search.json.mozlz4", (void 0)))
1631285786356	Marionette	INFO	Listening on port 33021
1631285786429	RemoteAgent	WARN	TLS certificate errors will be ignored for this session
JavaScript warning: https://www.googletagmanager.com/gtm.js?id=GTM-TG2B86W, line 257: unreachable code after return statement
JavaScript error: https://www.gomo.ph/sign-in.html line 305 > injectedScript, line 1: ReferenceError: gtag is not defined
JavaScript warning: https://www.googletagmanager.com/gtm.js?id=GTM-NND69PG&l=dataLayer, line 215: unreachable code after return statement
JavaScript warning: https://www.googletagmanager.com/gtm.js?id=GTM-NND69PG&l=dataLayer, line 215: unreachable code after return statement
1631285789829	Marionette	INFO	Stopped listening on port 33021
JavaScript error: resource:///modules/Interactions.jsm, line 230: NS_ERROR_FAILURE: Component returned failure code: 0x80004005 (NS_ERROR_FAILURE) [nsIUserIdleService.removeIdleObserver]
JavaScript error: chrome://remote/content/marionette/cert.js, line 55: NS_ERROR_NOT_AVAILABLE: Component returned failure code: 0x80040111 (NS_ERROR_NOT_AVAILABLE) [nsICertOverrideService.setDisableAllSecurityChecksAndLetAttackersInterceptMyData]
1631285803600	geckodriver	INFO	Listening on 127.0.0.1:40529
1631285803603	mozrunner::runner	INFO	Running command: "/usr/bin/firefox" "--marionette" "--headless" "-foreground" "-no-remote" "-profile" "/tmp/rust_mozprofileR23vlm"
*** You are running in headless mode.
1631285803880	Marionette	INFO	Marionette enabled
[GFX1-]: RenderCompositorSWGL failed mapping default framebuffer, no dt
console.warn: SearchSettings: "get: No settings file exists, new profile?" (new NotFoundError("Could not open the file at /tmp/rust_mozprofileR23vlm/search.json.mozlz4", (void 0)))
1631285804795	Marionette	INFO	Listening on port 41797
1631285804820	RemoteAgent	WARN	TLS certificate errors will be ignored for this session
JavaScript warning: https://www.googletagmanager.com/gtm.js?id=GTM-TG2B86W, line 253: unreachable code after return statement
JavaScript error: https://www.gomo.ph/sign-in.html line 301 > injectedScript, line 1: ReferenceError: gtag is not defined
JavaScript warning: https://www.googletagmanager.com/gtm.js?id=GTM-TG2B86W, line 253: unreachable code after return statement
JavaScript warning: https://www.googletagmanager.com/gtm.js?id=GTM-NND69PG&l=dataLayer, line 215: unreachable code after return statement
JavaScript warning: https://www.googletagmanager.com/gtm.js?id=GTM-NND69PG&l=dataLayer, line 215: unreachable code after return statement
JavaScript error: https://www.gomo.ph/content/dam/globe/gomo/clientlibs/footlibs-20210811.js, line 60: TypeError: e.response is undefined
JavaScript error: https://www.gomo.ph/content/dam/globe/gomo/clientlibs/footlibs-20210811.js, line 60: TypeError: e.response is undefined
JavaScript error: https://www.gomo.ph/content/dam/globe/gomo/clientlibs/footlibs-20210811.js, line 60: TypeError: e.response is undefined
JavaScript warning: https://www.googletagmanager.com/gtm.js?id=GTM-TG2B86W, line 253: unreachable code after return statement
JavaScript warning: https://www.googletagmanager.com/gtm.js?id=GTM-NND69PG&l=dataLayer, line 215: unreachable code after return statement
JavaScript warning: https://www.googletagmanager.com/gtm.js?id=GTM-TG2B86W, line 253: unreachable code after return statement
JavaScript warning: https://www.googletagmanager.com/gtm.js?id=GTM-NND69PG&l=dataLayer, line 215: unreachable code after return statement
1631285842228	geckodriver	INFO	Listening on 127.0.0.1:38031
1631285843236	mozrunner::runner	INFO	Running command: "/usr/bin/firefox" "--marionette" "--headless" "-foreground" "-no-remote" "-profile" "/tmp/rust_mozprofileLSAiCg"
*** You are running in headless mode.
1631285843550	Marionette	INFO	Marionette enabled
[GFX1-]: RenderCompositorSWGL failed mapping default framebuffer, no dt
console.warn: SearchSettings: "get: No settings file exists, new profile?" (new NotFoundError("Could not open the file at /tmp/rust_mozprofileLSAiCg/search.json.mozlz4", (void 0)))
1631285844439	Marionette	INFO	Listening on port 43101
1631285844579	RemoteAgent	WARN	TLS certificate errors will be ignored for this session
JavaScript warning: https://www.googletagmanager.com/gtm.js?id=GTM-TG2B86W, line 253: unreachable code after return statement
JavaScript error: https://www.gomo.ph/sign-in.html line 301 > injectedScript, line 1: ReferenceError: gtag is not defined
JavaScript warning: https://www.googletagmanager.com/gtm.js?id=GTM-NND69PG&l=dataLayer, line 215: unreachable code after return statement
JavaScript warning: https://www.googletagmanager.com/gtm.js?id=GTM-NND69PG&l=dataLayer, line 215: unreachable code after return statement
JavaScript warning: https://www.googletagmanager.com/gtm.js?id=GTM-TG2B86W, line 253: unreachable code after return statement
JavaScript error: https://www.gomo.ph/content/dam/globe/gomo/clientlibs/footlibs-20210811.js, line 60: TypeError: e.response is undefined
JavaScript error: https://www.gomo.ph/content/dam/globe/gomo/clientlibs/footlibs-20210811.js, line 60: TypeError: e.response is undefined
JavaScript error: https://www.gomo.ph/content/dam/globe/gomo/clientlibs/footlibs-20210811.js, line 60: TypeError: e.response is undefined
JavaScript warning: https://www.googletagmanager.com/gtm.js?id=GTM-TG2B86W, line 253: unreachable code after return statement
JavaScript warning: https://www.googletagmanager.com/gtm.js?id=GTM-TG2B86W, line 253: unreachable code after return statement
JavaScript warning: https://www.googletagmanager.com/gtm.js?id=GTM-NND69PG&l=dataLayer, line 215: unreachable code after return statement
JavaScript warning: https://www.googletagmanager.com/gtm.js?id=GTM-NND69PG&l=dataLayer, line 215: unreachable code after return statement
1631285855187	geckodriver	INFO	Listening on 127.0.0.1:53445
1631285855194	mozrunner::runner	INFO	Running command: "/usr/bin/firefox" "--marionette" "--headless" "-foreground" "-no-remote" "-profile" "/tmp/rust_mozprofilehALQfb"
*** You are running in headless mode.
1631285855577	Marionette	INFO	Marionette enabled
[GFX1-]: RenderCompositorSWGL failed mapping default framebuffer, no dt
console.warn: SearchSettings: "get: No settings file exists, new profile?" (new NotFoundError("Could not open the file at /tmp/rust_mozprofilehALQfb/search.json.mozlz4", (void 0)))
1631285856788	Marionette	INFO	Listening on port 36013
1631285856823	RemoteAgent	WARN	TLS certificate errors will be ignored for this session
JavaScript warning: https://www.googletagmanager.com/gtm.js?id=GTM-TG2B86W, line 257: unreachable code after return statement
JavaScript error: https://www.gomo.ph/sign-in.html line 305 > injectedScript, line 1: ReferenceError: gtag is not defined
JavaScript warning: https://www.googletagmanager.com/gtm.js?id=GTM-NND69PG&l=dataLayer, line 215: unreachable code after return statement
JavaScript warning: https://www.googletagmanager.com/gtm.js?id=GTM-NND69PG&l=dataLayer, line 215: unreachable code after return statement
JavaScript warning: https://www.googletagmanager.com/gtm.js?id=GTM-TG2B86W, line 257: unreachable code after return statement
JavaScript error: https://www.gomo.ph/content/dam/globe/gomo/clientlibs/footlibs-20210811.js, line 60: TypeError: e.response is undefined
JavaScript error: https://www.gomo.ph/content/dam/globe/gomo/clientlibs/footlibs-20210811.js, line 60: TypeError: e.response is undefined
JavaScript error: https://www.gomo.ph/content/dam/globe/gomo/clientlibs/footlibs-20210811.js, line 60: TypeError: e.response is undefined
JavaScript warning: https://www.googletagmanager.com/gtm.js?id=GTM-TG2B86W, line 257: unreachable code after return statement
JavaScript warning: https://www.googletagmanager.com/gtm.js?id=GTM-TG2B86W, line 257: unreachable code after return statement
JavaScript warning: https://www.googletagmanager.com/gtm.js?id=GTM-NND69PG&l=dataLayer, line 215: unreachable code after return statement
JavaScript warning: https://www.googletagmanager.com/gtm.js?id=GTM-NND69PG&l=dataLayer, line 215: unreachable code after return statement
1631285960780	geckodriver	INFO	Listening on 127.0.0.1:43045
1631285961790	mozrunner::runner	INFO	Running command: "/usr/bin/firefox" "--marionette" "--headless" "-foreground" "-no-remote" "-profile" "/tmp/rust_mozprofileVbJUWM"
*** You are running in headless mode.
1631285962117	Marionette	INFO	Marionette enabled
[GFX1-]: RenderCompositorSWGL failed mapping default framebuffer, no dt
console.warn: SearchSettings: "get: No settings file exists, new profile?" (new NotFoundError("Could not open the file at /tmp/rust_mozprofileVbJUWM/search.json.mozlz4", (void 0)))
1631285963055	Marionette	INFO	Listening on port 41125
1631285963108	RemoteAgent	WARN	TLS certificate errors will be ignored for this session
JavaScript warning: https://www.googletagmanager.com/gtm.js?id=GTM-TG2B86W, line 253: unreachable code after return statement
JavaScript error: https://www.gomo.ph/sign-in.html line 301 > injectedScript, line 1: ReferenceError: gtag is not defined
JavaScript warning: https://www.googletagmanager.com/gtm.js?id=GTM-TG2B86W, line 253: unreachable code after return statement
JavaScript warning: https://www.googletagmanager.com/gtm.js?id=GTM-NND69PG&l=dataLayer, line 215: unreachable code after return statement
JavaScript warning: https://www.googletagmanager.com/gtm.js?id=GTM-NND69PG&l=dataLayer, line 215: unreachable code after return statement
JavaScript error: https://www.gomo.ph/content/dam/globe/gomo/clientlibs/footlibs-20210811.js, line 60: TypeError: e.response is undefined
JavaScript error: https://www.gomo.ph/content/dam/globe/gomo/clientlibs/footlibs-20210811.js, line 60: TypeError: e.response is undefined
JavaScript error: https://www.gomo.ph/content/dam/globe/gomo/clientlibs/footlibs-20210811.js, line 60: TypeError: e.response is undefined
JavaScript warning: https://www.googletagmanager.com/gtm.js?id=GTM-TG2B86W, line 253: unreachable code after return statement
JavaScript warning: https://www.googletagmanager.com/gtm.js?id=GTM-NND69PG&l=dataLayer, line 215: unreachable code after return statement
JavaScript warning: https://www.googletagmanager.com/gtm.js?id=GTM-TG2B86W, line 253: unreachable code after return statement
JavaScript warning: https://www.googletagmanager.com/gtm.js?id=GTM-NND69PG&l=dataLayer, line 215: unreachable code after return statement
console.log: WebExtensions: reset-default-search: starting.
console.log: WebExtensions: reset-default-search: No addons in our list are installed.
console.log: WebExtensions: reset-default-search: starting.
console.log: WebExtensions: reset-default-search: No addons in our list are installed.
console.log: WebExtensions: reset-default-search: starting.
console.log: WebExtensions: reset-default-search: No addons in our list are installed.
console.log: WebExtensions: reset-default-search: starting.
console.log: WebExtensions: reset-default-search: No addons in our list are installed.
1631286344103	geckodriver	INFO	Listening on 127.0.0.1:34541
Exiting due to channel error.
Exiting due to channel error.
Exiting due to channel error.
Exiting due to channel error.
Exiting due to channel error.
Exiting due to channel error.
Exiting due to channel error.
Exiting due to channel error.
Exiting due to channel error.
1631286345120	mozrunner::runner	INFO	Running command: "/usr/bin/firefox" "--marionette" "--headless" "-foreground" "-no-remote" "-profile" "/tmp/rust_mozprofile0Iv4Ac"
*** You are running in headless mode.
1631286345469	Marionette	INFO	Marionette enabled
[GFX1-]: RenderCompositorSWGL failed mapping default framebuffer, no dt
console.warn: SearchSettings: "get: No settings file exists, new profile?" (new NotFoundError("Could not open the file at /tmp/rust_mozprofile0Iv4Ac/search.json.mozlz4", (void 0)))
1631286346369	Marionette	INFO	Listening on port 33983
1631286346443	RemoteAgent	WARN	TLS certificate errors will be ignored for this session
JavaScript warning: https://www.googletagmanager.com/gtm.js?id=GTM-TG2B86W, line 253: unreachable code after return statement
JavaScript error: https://www.gomo.ph/sign-in.html line 301 > injectedScript, line 1: ReferenceError: gtag is not defined
JavaScript warning: https://www.googletagmanager.com/gtm.js?id=GTM-TG2B86W, line 253: unreachable code after return statement
JavaScript warning: https://www.googletagmanager.com/gtm.js?id=GTM-NND69PG&l=dataLayer, line 215: unreachable code after return statement
JavaScript warning: https://www.googletagmanager.com/gtm.js?id=GTM-NND69PG&l=dataLayer, line 215: unreachable code after return statement
JavaScript error: https://www.gomo.ph/content/dam/globe/gomo/clientlibs/footlibs-20210811.js, line 60: TypeError: e.response is undefined
JavaScript error: https://www.gomo.ph/content/dam/globe/gomo/clientlibs/footlibs-20210811.js, line 60: TypeError: e.response is undefined
JavaScript error: https://www.gomo.ph/content/dam/globe/gomo/clientlibs/footlibs-20210811.js, line 60: TypeError: e.response is undefined
JavaScript warning: https://www.googletagmanager.com/gtm.js?id=GTM-TG2B86W, line 253: unreachable code after return statement
JavaScript warning: https://www.googletagmanager.com/gtm.js?id=GTM-TG2B86W, line 253: unreachable code after return statement
JavaScript warning: https://www.googletagmanager.com/gtm.js?id=GTM-NND69PG&l=dataLayer, line 215: unreachable code after return statement
JavaScript warning: https://www.googletagmanager.com/gtm.js?id=GTM-NND69PG&l=dataLayer, line 215: unreachable code after return statement
Exiting due to channel error.
Exiting due to channel error.
Exiting due to channel error.
1631286354536	geckodriver	INFO	Listening on 127.0.0.1:37539
1631286354538	mozrunner::runner	INFO	Running command: "/usr/bin/firefox" "--marionette" "--headless" "-foreground" "-no-remote" "-profile" "/tmp/rust_mozprofile1yIz3r"
*** You are running in headless mode.
1631286354820	Marionette	INFO	Marionette enabled
[GFX1-]: RenderCompositorSWGL failed mapping default framebuffer, no dt
console.warn: SearchSettings: "get: No settings file exists, new profile?" (new NotFoundError("Could not open the file at /tmp/rust_mozprofile1yIz3r/search.json.mozlz4", (void 0)))
1631286355660	Marionette	INFO	Listening on port 37693
1631286355764	RemoteAgent	WARN	TLS certificate errors will be ignored for this session
JavaScript warning: https://www.googletagmanager.com/gtm.js?id=GTM-TG2B86W, line 253: unreachable code after return statement
JavaScript error: https://www.gomo.ph/sign-in.html line 301 > injectedScript, line 1: ReferenceError: gtag is not defined
JavaScript warning: https://www.googletagmanager.com/gtm.js?id=GTM-TG2B86W, line 253: unreachable code after return statement
JavaScript warning: https://www.googletagmanager.com/gtm.js?id=GTM-NND69PG&l=dataLayer, line 215: unreachable code after return statement
JavaScript warning: https://www.googletagmanager.com/gtm.js?id=GTM-NND69PG&l=dataLayer, line 215: unreachable code after return statement
JavaScript error: https://www.gomo.ph/content/dam/globe/gomo/clientlibs/footlibs-20210811.js, line 60: TypeError: e.response is undefined
JavaScript error: https://www.gomo.ph/content/dam/globe/gomo/clientlibs/footlibs-20210811.js, line 60: TypeError: e.response is undefined
JavaScript error: https://www.gomo.ph/content/dam/globe/gomo/clientlibs/footlibs-20210811.js, line 60: TypeError: e.response is undefined
JavaScript warning: https://www.googletagmanager.com/gtm.js?id=GTM-TG2B86W, line 253: unreachable code after return statement
JavaScript warning: https://www.googletagmanager.com/gtm.js?id=GTM-NND69PG&l=dataLayer, line 215: unreachable code after return statement
JavaScript warning: https://www.googletagmanager.com/gtm.js?id=GTM-TG2B86W, line 253: unreachable code after return statement
JavaScript warning: https://www.googletagmanager.com/gtm.js?id=GTM-NND69PG&l=dataLayer, line 215: unreachable code after return statement
1631286382705	geckodriver	INFO	Listening on 127.0.0.1:40977
1631286382707	mozrunner::runner	INFO	Running command: "/usr/bin/firefox" "--marionette" "--headless" "-foreground" "-no-remote" "-profile" "/tmp/rust_mozprofileXrBOcv"
*** You are running in headless mode.
1631286383004	Marionette	INFO	Marionette enabled
[GFX1-]: RenderCompositorSWGL failed mapping default framebuffer, no dt
console.warn: SearchSettings: "get: No settings file exists, new profile?" (new NotFoundError("Could not open the file at /tmp/rust_mozprofileXrBOcv/search.json.mozlz4", (void 0)))
1631286383943	Marionette	INFO	Listening on port 43269
1631286384043	RemoteAgent	WARN	TLS certificate errors will be ignored for this session
JavaScript warning: https://www.googletagmanager.com/gtm.js?id=GTM-TG2B86W, line 253: unreachable code after return statement
JavaScript error: https://www.gomo.ph/sign-in.html line 301 > injectedScript, line 1: ReferenceError: gtag is not defined
JavaScript warning: https://www.googletagmanager.com/gtm.js?id=GTM-NND69PG&l=dataLayer, line 215: unreachable code after return statement
JavaScript warning: https://www.googletagmanager.com/gtm.js?id=GTM-NND69PG&l=dataLayer, line 215: unreachable code after return statement
JavaScript warning: https://www.googletagmanager.com/gtm.js?id=GTM-TG2B86W, line 253: unreachable code after return statement
JavaScript error: https://www.gomo.ph/content/dam/globe/gomo/clientlibs/footlibs-20210811.js, line 60: TypeError: e.response is undefined
JavaScript error: https://www.gomo.ph/content/dam/globe/gomo/clientlibs/footlibs-20210811.js, line 60: TypeError: e.response is undefined
JavaScript error: https://www.gomo.ph/content/dam/globe/gomo/clientlibs/footlibs-20210811.js, line 60: TypeError: e.response is undefined
JavaScript warning: https://www.googletagmanager.com/gtm.js?id=GTM-TG2B86W, line 253: unreachable code after return statement
JavaScript warning: https://www.googletagmanager.com/gtm.js?id=GTM-TG2B86W, line 253: unreachable code after return statement
JavaScript warning: https://www.googletagmanager.com/gtm.js?id=GTM-NND69PG&l=dataLayer, line 215: unreachable code after return statement
JavaScript warning: https://www.googletagmanager.com/gtm.js?id=GTM-NND69PG&l=dataLayer, line 215: unreachable code after return statement
1631286395318	Marionette	INFO	Stopped listening on port 43269
JavaScript error: resource:///modules/Interactions.jsm, line 230: NS_ERROR_FAILURE: Component returned failure code: 0x80004005 (NS_ERROR_FAILURE) [nsIUserIdleService.removeIdleObserver]

###!!! [Parent][RunMessage] Error: Channel closing: too late to send/recv, messages will be lost

1631286472897	geckodriver	INFO	Listening on 127.0.0.1:40539
1631286472899	mozrunner::runner	INFO	Running command: "/usr/bin/firefox" "--marionette" "--headless" "-foreground" "-no-remote" "-profile" "/tmp/rust_mozprofileyj4ZCU"
*** You are running in headless mode.
1631286473187	Marionette	INFO	Marionette enabled
[GFX1-]: RenderCompositorSWGL failed mapping default framebuffer, no dt
console.warn: SearchSettings: "get: No settings file exists, new profile?" (new NotFoundError("Could not open the file at /tmp/rust_mozprofileyj4ZCU/search.json.mozlz4", (void 0)))
1631286474192	Marionette	INFO	Listening on port 36175
1631286474219	RemoteAgent	WARN	TLS certificate errors will be ignored for this session
JavaScript warning: https://www.googletagmanager.com/gtm.js?id=GTM-TG2B86W, line 257: unreachable code after return statement
JavaScript error: https://www.gomo.ph/sign-in.html line 305 > injectedScript, line 1: ReferenceError: gtag is not defined
JavaScript warning: https://www.googletagmanager.com/gtm.js?id=GTM-NND69PG&l=dataLayer, line 215: unreachable code after return statement
JavaScript warning: https://www.googletagmanager.com/gtm.js?id=GTM-NND69PG&l=dataLayer, line 215: unreachable code after return statement
JavaScript warning: https://www.googletagmanager.com/gtm.js?id=GTM-TG2B86W, line 257: unreachable code after return statement
JavaScript error: https://www.gomo.ph/content/dam/globe/gomo/clientlibs/footlibs-20210811.js, line 60: TypeError: e.response is undefined
JavaScript error: https://www.gomo.ph/content/dam/globe/gomo/clientlibs/footlibs-20210811.js, line 60: TypeError: e.response is undefined
JavaScript error: https://www.gomo.ph/content/dam/globe/gomo/clientlibs/footlibs-20210811.js, line 60: TypeError: e.response is undefined
JavaScript warning: https://www.googletagmanager.com/gtm.js?id=GTM-TG2B86W, line 257: unreachable code after return statement
JavaScript warning: https://www.googletagmanager.com/gtm.js?id=GTM-TG2B86W, line 257: unreachable code after return statement
JavaScript warning: https://www.googletagmanager.com/gtm.js?id=GTM-NND69PG&l=dataLayer, line 215: unreachable code after return statement
JavaScript warning: https://www.googletagmanager.com/gtm.js?id=GTM-NND69PG&l=dataLayer, line 215: unreachable code after return statement
1631286485492	Marionette	INFO	Stopped listening on port 36175
JavaScript error: resource:///modules/Interactions.jsm, line 230: NS_ERROR_FAILURE: Component returned failure code: 0x80004005 (NS_ERROR_FAILURE) [nsIUserIdleService.removeIdleObserver]

###!!! [Parent][RunMessage] Error: Channel closing: too late to send/recv, messages will be lost

1631286499887	geckodriver	INFO	Listening on 127.0.0.1:40669
1631286500896	mozrunner::runner	INFO	Running command: "/usr/bin/firefox" "--marionette" "--headless" "-foreground" "-no-remote" "-profile" "/tmp/rust_mozprofileFLcHYs"
*** You are running in headless mode.
1631286501223	Marionette	INFO	Marionette enabled
[GFX1-]: RenderCompositorSWGL failed mapping default framebuffer, no dt
console.warn: SearchSettings: "get: No settings file exists, new profile?" (new NotFoundError("Could not open the file at /tmp/rust_mozprofileFLcHYs/search.json.mozlz4", (void 0)))
1631286502117	Marionette	INFO	Listening on port 39051
1631286502224	RemoteAgent	WARN	TLS certificate errors will be ignored for this session
JavaScript warning: https://www.googletagmanager.com/gtm.js?id=GTM-TG2B86W, line 257: unreachable code after return statement
JavaScript error: https://www.gomo.ph/sign-in.html line 305 > injectedScript, line 1: ReferenceError: gtag is not defined
JavaScript warning: https://www.googletagmanager.com/gtm.js?id=GTM-NND69PG&l=dataLayer, line 215: unreachable code after return statement
JavaScript warning: https://www.googletagmanager.com/gtm.js?id=GTM-NND69PG&l=dataLayer, line 215: unreachable code after return statement
JavaScript warning: https://www.googletagmanager.com/gtm.js?id=GTM-TG2B86W, line 257: unreachable code after return statement
JavaScript error: https://www.gomo.ph/content/dam/globe/gomo/clientlibs/footlibs-20210811.js, line 60: TypeError: e.response is undefined
JavaScript error: https://www.gomo.ph/content/dam/globe/gomo/clientlibs/footlibs-20210811.js, line 60: TypeError: e.response is undefined
JavaScript error: https://www.gomo.ph/content/dam/globe/gomo/clientlibs/footlibs-20210811.js, line 60: TypeError: e.response is undefined
JavaScript warning: https://www.googletagmanager.com/gtm.js?id=GTM-TG2B86W, line 257: unreachable code after return statement
JavaScript warning: https://www.googletagmanager.com/gtm.js?id=GTM-TG2B86W, line 257: unreachable code after return statement
JavaScript warning: https://www.googletagmanager.com/gtm.js?id=GTM-NND69PG&l=dataLayer, line 215: unreachable code after return statement
JavaScript warning: https://www.googletagmanager.com/gtm.js?id=GTM-NND69PG&l=dataLayer, line 215: unreachable code after return statement
1631286513613	Marionette	INFO	Stopped listening on port 39051
JavaScript error: resource:///modules/Interactions.jsm, line 230: NS_ERROR_FAILURE: Component returned failure code: 0x80004005 (NS_ERROR_FAILURE) [nsIUserIdleService.removeIdleObserver]

###!!! [Child][MessageChannel] Error: (msgtype=0x5B0004,name=PHttpChannel::Msg_Cancel) Channel closing: too late to send/recv, messages will be lost


###!!! [Child][MessageChannel] Error: (msgtype=0x5B0008,name=PHttpChannel::Msg_DeletingChannel) Channel closing: too late to send/recv, messages will be lost


###!!! [Child][MessageChannel] Error: (msgtype=0x5B0004,name=PHttpChannel::Msg_Cancel) Channel closing: too late to send/recv, messages will be lost


###!!! [Child][MessageChannel] Error: (msgtype=0x5B0008,name=PHttpChannel::Msg_DeletingChannel) Channel closing: too late to send/recv, messages will be lost


###!!! [Parent][RunMessage] Error: Channel closing: too late to send/recv, messages will be lost

1631286547412	geckodriver	INFO	Listening on 127.0.0.1:44295
1631286547414	mozrunner::runner	INFO	Running command: "/usr/bin/firefox" "--marionette" "--headless" "-foreground" "-no-remote" "-profile" "/tmp/rust_mozprofile7MkC60"
*** You are running in headless mode.
1631286547705	Marionette	INFO	Marionette enabled
[GFX1-]: RenderCompositorSWGL failed mapping default framebuffer, no dt
console.warn: SearchSettings: "get: No settings file exists, new profile?" (new NotFoundError("Could not open the file at /tmp/rust_mozprofile7MkC60/search.json.mozlz4", (void 0)))
1631286548701	Marionette	INFO	Listening on port 46727
1631286548730	RemoteAgent	WARN	TLS certificate errors will be ignored for this session
JavaScript warning: https://www.googletagmanager.com/gtm.js?id=GTM-TG2B86W, line 253: unreachable code after return statement
JavaScript error: https://www.gomo.ph/sign-in.html line 301 > injectedScript, line 1: ReferenceError: gtag is not defined
JavaScript warning: https://www.googletagmanager.com/gtm.js?id=GTM-NND69PG&l=dataLayer, line 215: unreachable code after return statement
JavaScript warning: https://www.googletagmanager.com/gtm.js?id=GTM-NND69PG&l=dataLayer, line 215: unreachable code after return statement
JavaScript warning: https://www.googletagmanager.com/gtm.js?id=GTM-TG2B86W, line 253: unreachable code after return statement
JavaScript error: https://www.gomo.ph/content/dam/globe/gomo/clientlibs/footlibs-20210811.js, line 60: TypeError: e.response is undefined
JavaScript error: https://www.gomo.ph/content/dam/globe/gomo/clientlibs/footlibs-20210811.js, line 60: TypeError: e.response is undefined
JavaScript error: https://www.gomo.ph/content/dam/globe/gomo/clientlibs/footlibs-20210811.js, line 60: TypeError: e.response is undefined
JavaScript warning: https://www.googletagmanager.com/gtm.js?id=GTM-TG2B86W, line 253: unreachable code after return statement
JavaScript warning: https://www.googletagmanager.com/gtm.js?id=GTM-TG2B86W, line 253: unreachable code after return statement
JavaScript warning: https://www.googletagmanager.com/gtm.js?id=GTM-NND69PG&l=dataLayer, line 215: unreachable code after return statement
JavaScript warning: https://www.googletagmanager.com/gtm.js?id=GTM-NND69PG&l=dataLayer, line 215: unreachable code after return statement
1631286561208	Marionette	INFO	Stopped listening on port 46727
JavaScript error: resource:///modules/Interactions.jsm, line 230: NS_ERROR_FAILURE: Component returned failure code: 0x80004005 (NS_ERROR_FAILURE) [nsIUserIdleService.removeIdleObserver]

###!!! [Parent][RunMessage] Error: Channel closing: too late to send/recv, messages will be lost

1631286570960	geckodriver	INFO	Listening on 127.0.0.1:59863
1631286570963	mozrunner::runner	INFO	Running command: "/usr/bin/firefox" "--marionette" "--headless" "-foreground" "-no-remote" "-profile" "/tmp/rust_mozprofileE82iWH"
*** You are running in headless mode.
1631286571248	Marionette	INFO	Marionette enabled
[GFX1-]: RenderCompositorSWGL failed mapping default framebuffer, no dt
console.warn: SearchSettings: "get: No settings file exists, new profile?" (new NotFoundError("Could not open the file at /tmp/rust_mozprofileE82iWH/search.json.mozlz4", (void 0)))
1631286572203	Marionette	INFO	Listening on port 40931
1631286572280	RemoteAgent	WARN	TLS certificate errors will be ignored for this session
JavaScript warning: https://www.googletagmanager.com/gtm.js?id=GTM-TG2B86W, line 253: unreachable code after return statement
JavaScript error: https://www.gomo.ph/sign-in.html line 301 > injectedScript, line 1: ReferenceError: gtag is not defined
JavaScript warning: https://www.googletagmanager.com/gtm.js?id=GTM-NND69PG&l=dataLayer, line 215: unreachable code after return statement
JavaScript warning: https://www.googletagmanager.com/gtm.js?id=GTM-NND69PG&l=dataLayer, line 215: unreachable code after return statement
JavaScript warning: https://www.googletagmanager.com/gtm.js?id=GTM-TG2B86W, line 253: unreachable code after return statement
JavaScript error: https://www.gomo.ph/content/dam/globe/gomo/clientlibs/footlibs-20210811.js, line 60: TypeError: e.response is undefined
JavaScript error: https://www.gomo.ph/content/dam/globe/gomo/clientlibs/footlibs-20210811.js, line 60: TypeError: e.response is undefined
JavaScript error: https://www.gomo.ph/content/dam/globe/gomo/clientlibs/footlibs-20210811.js, line 60: TypeError: e.response is undefined
JavaScript warning: https://www.googletagmanager.com/gtm.js?id=GTM-TG2B86W, line 253: unreachable code after return statement
JavaScript warning: https://www.googletagmanager.com/gtm.js?id=GTM-TG2B86W, line 253: unreachable code after return statement
JavaScript warning: https://www.googletagmanager.com/gtm.js?id=GTM-NND69PG&l=dataLayer, line 215: unreachable code after return statement
JavaScript warning: https://www.googletagmanager.com/gtm.js?id=GTM-NND69PG&l=dataLayer, line 215: unreachable code after return statement
1631286583794	Marionette	INFO	Stopped listening on port 40931
JavaScript error: resource:///modules/Interactions.jsm, line 230: NS_ERROR_FAILURE: Component returned failure code: 0x80004005 (NS_ERROR_FAILURE) [nsIUserIdleService.removeIdleObserver]
[Parent 39630, IPC I/O Parent] WARNING: FileDescriptorSet destroyed with unconsumed descriptors: file /build/firefox-i2FYvX/firefox-92.0+build3/ipc/chromium/src/chrome/common/file_descriptor_set_posix.cc:19

###!!! [Parent][RunMessage] Error: Channel closing: too late to send/recv, messages will be lost

1631286588184	geckodriver	INFO	Listening on 127.0.0.1:40937
1631286589188	mozrunner::runner	INFO	Running command: "/usr/bin/firefox" "--marionette" "--headless" "-foreground" "-no-remote" "-profile" "/tmp/rust_mozprofile6iKgdh"
*** You are running in headless mode.
1631286589507	Marionette	INFO	Marionette enabled
[GFX1-]: RenderCompositorSWGL failed mapping default framebuffer, no dt
console.warn: SearchSettings: "get: No settings file exists, new profile?" (new NotFoundError("Could not open the file at /tmp/rust_mozprofile6iKgdh/search.json.mozlz4", (void 0)))
1631286590590	Marionette	INFO	Listening on port 45525
1631286590607	RemoteAgent	WARN	TLS certificate errors will be ignored for this session
JavaScript warning: https://www.googletagmanager.com/gtm.js?id=GTM-TG2B86W, line 253: unreachable code after return statement
JavaScript error: https://www.gomo.ph/sign-in.html line 301 > injectedScript, line 1: ReferenceError: gtag is not defined
JavaScript warning: https://www.googletagmanager.com/gtm.js?id=GTM-NND69PG&l=dataLayer, line 215: unreachable code after return statement
JavaScript warning: https://www.googletagmanager.com/gtm.js?id=GTM-NND69PG&l=dataLayer, line 215: unreachable code after return statement
JavaScript warning: https://www.googletagmanager.com/gtm.js?id=GTM-TG2B86W, line 253: unreachable code after return statement
JavaScript error: https://www.gomo.ph/content/dam/globe/gomo/clientlibs/footlibs-20210811.js, line 60: TypeError: e.response is undefined
JavaScript error: https://www.gomo.ph/content/dam/globe/gomo/clientlibs/footlibs-20210811.js, line 60: TypeError: e.response is undefined
JavaScript error: https://www.gomo.ph/content/dam/globe/gomo/clientlibs/footlibs-20210811.js, line 60: TypeError: e.response is undefined
JavaScript warning: https://www.googletagmanager.com/gtm.js?id=GTM-TG2B86W, line 253: unreachable code after return statement
JavaScript warning: https://www.googletagmanager.com/gtm.js?id=GTM-TG2B86W, line 253: unreachable code after return statement
JavaScript warning: https://www.googletagmanager.com/gtm.js?id=GTM-NND69PG&l=dataLayer, line 215: unreachable code after return statement
JavaScript warning: https://www.googletagmanager.com/gtm.js?id=GTM-NND69PG&l=dataLayer, line 215: unreachable code after return statement
1631286602130	Marionette	INFO	Stopped listening on port 45525
JavaScript error: resource:///modules/Interactions.jsm, line 230: NS_ERROR_FAILURE: Component returned failure code: 0x80004005 (NS_ERROR_FAILURE) [nsIUserIdleService.removeIdleObserver]

###!!! [Parent][RunMessage] Error: Channel closing: too late to send/recv, messages will be lost

1631286699962	geckodriver	INFO	Listening on 127.0.0.1:44163
1631286699965	mozrunner::runner	INFO	Running command: "/usr/bin/firefox" "--marionette" "--headless" "-foreground" "-no-remote" "-profile" "/tmp/rust_mozprofileNpQ6V9"
*** You are running in headless mode.
1631286700238	Marionette	INFO	Marionette enabled
[GFX1-]: RenderCompositorSWGL failed mapping default framebuffer, no dt
console.warn: SearchSettings: "get: No settings file exists, new profile?" (new NotFoundError("Could not open the file at /tmp/rust_mozprofileNpQ6V9/search.json.mozlz4", (void 0)))
1631286701179	Marionette	INFO	Listening on port 36825
1631286701307	RemoteAgent	WARN	TLS certificate errors will be ignored for this session
JavaScript warning: https://www.googletagmanager.com/gtm.js?id=GTM-TG2B86W, line 253: unreachable code after return statement
JavaScript error: https://www.gomo.ph/sign-in.html line 301 > injectedScript, line 1: ReferenceError: gtag is not defined
JavaScript warning: https://www.googletagmanager.com/gtm.js?id=GTM-TG2B86W, line 253: unreachable code after return statement
JavaScript warning: https://www.googletagmanager.com/gtm.js?id=GTM-NND69PG&l=dataLayer, line 215: unreachable code after return statement
JavaScript warning: https://www.googletagmanager.com/gtm.js?id=GTM-NND69PG&l=dataLayer, line 215: unreachable code after return statement
JavaScript error: https://www.gomo.ph/content/dam/globe/gomo/clientlibs/footlibs-20210811.js, line 60: TypeError: e.response is undefined
JavaScript error: https://www.gomo.ph/content/dam/globe/gomo/clientlibs/footlibs-20210811.js, line 60: TypeError: e.response is undefined
JavaScript error: https://www.gomo.ph/content/dam/globe/gomo/clientlibs/footlibs-20210811.js, line 60: TypeError: e.response is undefined
JavaScript warning: https://www.googletagmanager.com/gtm.js?id=GTM-TG2B86W, line 253: unreachable code after return statement
JavaScript warning: https://www.googletagmanager.com/gtm.js?id=GTM-NND69PG&l=dataLayer, line 215: unreachable code after return statement
JavaScript warning: https://www.googletagmanager.com/gtm.js?id=GTM-TG2B86W, line 253: unreachable code after return statement
JavaScript warning: https://www.googletagmanager.com/gtm.js?id=GTM-NND69PG&l=dataLayer, line 215: unreachable code after return statement
1631286709948	Marionette	INFO	Stopped listening on port 36825
JavaScript error: resource:///modules/Interactions.jsm, line 230: NS_ERROR_FAILURE: Component returned failure code: 0x80004005 (NS_ERROR_FAILURE) [nsIUserIdleService.removeIdleObserver]

###!!! [Parent][RunMessage] Error: Channel closing: too late to send/recv, messages will be lost

console.log: WebExtensions: reset-default-search: starting.
console.log: WebExtensions: reset-default-search: No addons in our list are installed.
